android/app/build/intermediates/manifest_merge_blame_file/debug/manifest-merger-blame-debug-report.txt
1<?xml version="1.0" encoding="utf-8"?>
2<manifest xmlns:android="http://schemas.android.com/apk/res/android"
3    package="com.happy.moviesandme"
4    android:versionCode="1"
5    android:versionName="1.0.0" >
6
7    <uses-sdk
8        android:minSdkVersion="21"
9        android:targetSdkVersion="28" />
10
11    <uses-permission android:name="android.permission.SYSTEM_ALERT_WINDOW" />
11-->src/main/AndroidManifest.xml:4:3-75
11-->src/main/AndroidManifest.xml:4:20-73
12    <uses-permission android:name="android.permission.INTERNET" />
12-->src/main/AndroidManifest.xml:3:3-64
12-->src/main/AndroidManifest.xml:3:20-62
13    <uses-permission android:name="android.permission.MANAGE_DOCUMENTS" />
13-->src/main/AndroidManifest.xml:5:3-72
13-->src/main/AndroidManifest.xml:5:20-70
14    <uses-permission android:name="android.permission.READ_INTERNAL_STORAGE" />
14-->src/main/AndroidManifest.xml:6:3-77
14-->src/main/AndroidManifest.xml:6:20-75
15    <uses-permission android:name="android.permission.READ_PHONE_STATE" />
15-->src/main/AndroidManifest.xml:7:3-72
15-->src/main/AndroidManifest.xml:7:20-70
16    <uses-permission android:name="android.permission.USE_FINGERPRINT" />
16-->src/main/AndroidManifest.xml:8:3-71
16-->src/main/AndroidManifest.xml:8:20-69
17    <uses-permission android:name="android.permission.VIBRATE" />
17-->src/main/AndroidManifest.xml:9:3-63
17-->src/main/AndroidManifest.xml:9:20-61
18    <uses-permission android:name="android.permission.MODIFY_AUDIO_SETTINGS" />
18-->src/main/AndroidManifest.xml:10:3-77
18-->src/main/AndroidManifest.xml:10:20-75
19    <uses-permission android:name="android.permission.ACCESS_COARSE_LOCATION" />
19-->src/main/AndroidManifest.xml:11:3-78
19-->src/main/AndroidManifest.xml:11:20-76
20    <uses-permission android:name="android.permission.ACCESS_FINE_LOCATION" />
20-->src/main/AndroidManifest.xml:12:3-76
20-->src/main/AndroidManifest.xml:12:20-74
21    <uses-permission android:name="android.permission.CAMERA" />
21-->src/main/AndroidManifest.xml:13:3-62
21-->src/main/AndroidManifest.xml:13:20-60
22    <uses-permission android:name="android.permission.READ_CONTACTS" />
22-->src/main/AndroidManifest.xml:14:3-69
22-->src/main/AndroidManifest.xml:14:20-67
23    <uses-permission android:name="android.permission.READ_CALENDAR" />
23-->src/main/AndroidManifest.xml:15:3-69
23-->src/main/AndroidManifest.xml:15:20-67
24    <uses-permission android:name="android.permission.WRITE_CALENDAR" />
24-->src/main/AndroidManifest.xml:16:3-70
24-->src/main/AndroidManifest.xml:16:20-68
25    <uses-permission android:name="android.permission.READ_EXTERNAL_STORAGE" />
25-->src/main/AndroidManifest.xml:17:3-77
25-->src/main/AndroidManifest.xml:17:20-75
26    <uses-permission android:name="android.permission.RECORD_AUDIO" />
26-->src/main/AndroidManifest.xml:18:3-68
26-->src/main/AndroidManifest.xml:18:20-66
27    <uses-permission android:name="android.permission.WRITE_EXTERNAL_STORAGE" />
27-->src/main/AndroidManifest.xml:19:3-78
27-->src/main/AndroidManifest.xml:19:20-76
28    <uses-permission android:name="android.permission.WRITE_SETTINGS" />
28-->src/main/AndroidManifest.xml:20:3-70
28-->src/main/AndroidManifest.xml:20:20-68
29    <uses-permission android:name="android.permission.ACCESS_NETWORK_STATE" />
29-->src/main/AndroidManifest.xml:21:3-76
29-->src/main/AndroidManifest.xml:21:20-74
30    <uses-permission android:name="android.permission.WAKE_LOCK" />
30-->src/main/AndroidManifest.xml:22:3-65
30-->src/main/AndroidManifest.xml:22:20-63
31    <uses-permission android:name="com.google.android.c2dm.permission.RECEIVE" />
31-->src/main/AndroidManifest.xml:23:3-79
31-->src/main/AndroidManifest.xml:23:20-77
32    <uses-permission android:name="android.permission.ACCESS_WIFI_STATE" />
32-->[com.facebook.flipper:flipper:0.33.1] AndroidManifest.xml:16:5-76
32-->[com.facebook.flipper:flipper:0.33.1] AndroidManifest.xml:16:22-73
33    <uses-permission android:name="android.permission.STORAGE" />
33-->[:expo-file-system] AndroidManifest.xml:15:5-66
33-->[:expo-file-system] AndroidManifest.xml:15:22-63
34    <uses-permission android:name="android.permission.FOREGROUND_SERVICE" />
34-->[:expo-location] AndroidManifest.xml:13:5-77
34-->[:expo-location] AndroidManifest.xml:13:22-74
35    <uses-permission android:name="com.google.android.providers.gsf.permission.READ_GSERVICES" />
35-->[io.nlopez.smartlocation:library:3.2.11] AndroidManifest.xml:15:5-98
35-->[io.nlopez.smartlocation:library:3.2.11] AndroidManifest.xml:15:22-95
36    <uses-permission android:name="com.google.android.gms.permission.ACTIVITY_RECOGNITION" />
36-->[io.nlopez.smartlocation:library:3.2.11] AndroidManifest.xml:16:5-94
36-->[io.nlopez.smartlocation:library:3.2.11] AndroidManifest.xml:16:22-91
37
38    <application
38-->src/main/AndroidManifest.xml:24:3-34:17
39        android:name="com.happy.moviesandme.MainApplication"
39-->src/main/AndroidManifest.xml:24:16-47
40        android:allowBackup="false"
40-->src/main/AndroidManifest.xml:24:162-189
41        android:appComponentFactory="androidx.core.app.CoreComponentFactory"
41-->[androidx.core:core:1.1.0] AndroidManifest.xml:24:18-86
42        android:debuggable="true"
43        android:icon="@mipmap/ic_launcher"
43-->src/main/AndroidManifest.xml:24:81-115
44        android:label="@string/app_name"
44-->src/main/AndroidManifest.xml:24:48-80
45        android:roundIcon="@mipmap/ic_launcher_round"
45-->src/main/AndroidManifest.xml:24:116-161
46        android:theme="@style/AppTheme"
46-->src/main/AndroidManifest.xml:24:190-221
47        android:usesCleartextTraffic="true" >
47-->src/debug/AndroidManifest.xml:6:18-53
48        <meta-data
48-->src/main/AndroidManifest.xml:25:5-103
49            android:name="expo.modules.updates.EXPO_UPDATE_URL"
49-->src/main/AndroidManifest.xml:25:16-67
50            android:value="YOUR-APP-URL-HERE" />
50-->src/main/AndroidManifest.xml:25:68-101
51        <meta-data
51-->src/main/AndroidManifest.xml:26:5-112
52            android:name="expo.modules.updates.EXPO_SDK_VERSION"
52-->src/main/AndroidManifest.xml:26:16-68
53            android:value="YOUR-APP-SDK-VERSION-HERE" />
53-->src/main/AndroidManifest.xml:26:69-110
54
55        <activity
55-->src/main/AndroidManifest.xml:27:5-32:16
56            android:name="com.happy.moviesandme.MainActivity"
56-->src/main/AndroidManifest.xml:27:15-43
57            android:configChanges="keyboard|keyboardHidden|orientation|screenSize|uiMode"
57-->src/main/AndroidManifest.xml:27:77-154
58            android:label="@string/app_name"
58-->src/main/AndroidManifest.xml:27:44-76
59            android:launchMode="singleTask"
59-->src/main/AndroidManifest.xml:27:155-186
60            android:screenOrientation="portrait"
60-->src/main/AndroidManifest.xml:27:276-312
61            android:theme="@style/Theme.App.SplashScreen"
61-->src/main/AndroidManifest.xml:27:230-275
62            android:windowSoftInputMode="adjustResize" >
62-->src/main/AndroidManifest.xml:27:187-229
63            <intent-filter>
63-->src/main/AndroidManifest.xml:28:7-31:23
64                <action android:name="android.intent.action.MAIN" />
64-->src/main/AndroidManifest.xml:29:9-60
64-->src/main/AndroidManifest.xml:29:17-58
65
66                <category android:name="android.intent.category.LAUNCHER" />
66-->src/main/AndroidManifest.xml:30:9-68
66-->src/main/AndroidManifest.xml:30:19-66
67            </intent-filter>
68        </activity>
69        <activity android:name="com.facebook.react.devsupport.DevSettingsActivity" />
69-->src/main/AndroidManifest.xml:33:5-81
69-->src/main/AndroidManifest.xml:33:15-79
70
71        <meta-data
71-->[:unimodules-react-native-adapter] AndroidManifest.xml:12:9-14:91
72            android:name="org.unimodules.core.AppLoader#react-native-headless"
72-->[:unimodules-react-native-adapter] AndroidManifest.xml:13:13-79
73            android:value="org.unimodules.adapters.react.apploader.RNHeadlessAppLoader" />
73-->[:unimodules-react-native-adapter] AndroidManifest.xml:14:13-88
74
75        <provider
75-->[:expo-file-system] AndroidManifest.xml:18:9-27:20
76            android:name="expo.modules.filesystem.FileSystemFileProvider"
76-->[:expo-file-system] AndroidManifest.xml:19:13-74
77            android:authorities="com.happy.moviesandme.FileSystemFileProvider"
77-->[:expo-file-system] AndroidManifest.xml:20:13-74
78            android:exported="false"
78-->[:expo-file-system] AndroidManifest.xml:21:13-37
79            android:grantUriPermissions="true" >
79-->[:expo-file-system] AndroidManifest.xml:22:13-47
80            <meta-data
80-->[:expo-file-system] AndroidManifest.xml:24:13-26:70
81                android:name="android.support.FILE_PROVIDER_PATHS"
81-->[:expo-file-system] AndroidManifest.xml:25:17-67
82                android:resource="@xml/file_system_provider_paths" />
82-->[:expo-file-system] AndroidManifest.xml:26:17-67
83        </provider>
84
85        <service
85-->[:expo-location] AndroidManifest.xml:16:9-18:40
86            android:name="expo.modules.location.services.LocationTaskService"
86-->[:expo-location] AndroidManifest.xml:17:13-78
87            android:exported="false" />
87-->[:expo-location] AndroidManifest.xml:18:13-37
88
89        <activity
89-->[com.google.android.gms:play-services-base:16.0.1] AndroidManifest.xml:23:9-26:75
90            android:name="com.google.android.gms.common.api.GoogleApiActivity"
90-->[com.google.android.gms:play-services-base:16.0.1] AndroidManifest.xml:24:13-79
91            android:exported="false"
91-->[com.google.android.gms:play-services-base:16.0.1] AndroidManifest.xml:25:13-37
92            android:theme="@android:style/Theme.Translucent.NoTitleBar" />
92-->[com.google.android.gms:play-services-base:16.0.1] AndroidManifest.xml:26:13-72
93
94        <meta-data
94-->[com.google.android.gms:play-services-basement:16.0.1] AndroidManifest.xml:23:9-25:69
95            android:name="com.google.android.gms.version"
95-->[com.google.android.gms:play-services-basement:16.0.1] AndroidManifest.xml:24:13-58
96            android:value="@integer/google_play_services_version" />
96-->[com.google.android.gms:play-services-basement:16.0.1] AndroidManifest.xml:25:13-66
97
98        <service
98-->[androidx.room:room-runtime:2.1.0] AndroidManifest.xml:25:9-27:40
99            android:name="androidx.room.MultiInstanceInvalidationService"
99-->[androidx.room:room-runtime:2.1.0] AndroidManifest.xml:26:13-74
100            android:exported="false" />
100-->[androidx.room:room-runtime:2.1.0] AndroidManifest.xml:27:13-37
101        <service
101-->[io.nlopez.smartlocation:library:3.2.11] AndroidManifest.xml:19:9-21:40
102            android:name="io.nlopez.smartlocation.activity.providers.ActivityGooglePlayServicesProvider$ActivityRecognitionService"
102-->[io.nlopez.smartlocation:library:3.2.11] AndroidManifest.xml:20:13-132
103            android:exported="false" />
103-->[io.nlopez.smartlocation:library:3.2.11] AndroidManifest.xml:21:13-37
104        <service
104-->[io.nlopez.smartlocation:library:3.2.11] AndroidManifest.xml:22:9-24:40
105            android:name="io.nlopez.smartlocation.geofencing.providers.GeofencingGooglePlayServicesProvider$GeofencingService"
105-->[io.nlopez.smartlocation:library:3.2.11] AndroidManifest.xml:23:13-127
106            android:exported="false" />
106-->[io.nlopez.smartlocation:library:3.2.11] AndroidManifest.xml:24:13-37
107        <service
107-->[io.nlopez.smartlocation:library:3.2.11] AndroidManifest.xml:25:9-27:40
108            android:name="io.nlopez.smartlocation.geocoding.providers.AndroidGeocodingProvider$AndroidGeocodingService"
108-->[io.nlopez.smartlocation:library:3.2.11] AndroidManifest.xml:26:13-120
109            android:exported="false" />
109-->[io.nlopez.smartlocation:library:3.2.11] AndroidManifest.xml:27:13-37
110    </application>
111
112</manifest>